
6.9
0.7
45
0
05/01/1996


13.0
1.0
45
0
08/10/1996


100.0
2.0
45
0
12/01/1996


8.5
0.6
45
0
04/12/1996


19.0
1.1
45
0
06/03/1996


90.5
1.7
45
0
20/12/1996


9.0
0.5
45
0
25/01/1996


22.5
1.0
45
0
20/12/1996


85.5
1.6
45
0
08/09/1996


2.9
0.3
255
0
24/08/1996


9.9
0.7
120
0
17/05/1996


32.0
1.1
45
0
14/10/1996


3.2
0.3
255
0
23/12/1996


10.0
0.6
120
0
06/12/1996


29.5
1.0
45
0
09/08/1996


1.8
0.3
255
0
07/08/1996


30.0
1.1
120
0
28/11/1996


39.5
1.5
45
0
18/10/1996




255
0
20/12/1996

